2018-03-28 11:28:34,047 - DEBUG - 读取数据连接方式
2018-03-28 11:28:34,047 - INFO - 信息认证成功
2018-03-28 11:28:34,047 - INFO - authentication认证完成，返回用户数据
2018-03-28 11:29:07,571 - DEBUG - 读取数据连接方式
2018-03-28 11:29:07,572 - INFO - 信息认证成功
2018-03-28 11:29:07,572 - INFO - authentication认证完成，返回用户数据
2018-03-28 11:29:07,572 - INFO - 进入atm界面中
2018-03-28 15:24:34,225 - DEBUG - 读取数据连接方式
2018-03-28 15:24:34,225 - INFO - 信息认证成功
2018-03-28 15:24:34,226 - INFO - authentication认证完成，返回用户数据
2018-03-28 15:24:34,226 - INFO - 进入atm界面中
2018-03-28 15:24:37,295 - INFO - 现在进入还款操作
2018-03-28 15:24:39,710 - INFO - 交易成功,余额为14924.0
2018-03-28 15:24:42,822 - INFO - 现在进入转账操作......
2018-03-28 15:24:47,266 - INFO - 交易成功，余额为14923.0
2018-03-28 15:24:57,677 - INFO - 现在进入提款操作
2018-03-28 15:24:58,735 - INFO - 交易成功,余额为14921.95
2018-03-28 15:25:02,822 - WARNING - 交易号码不存在
2018-03-28 15:25:07,596 - INFO - 用户退出
2018-03-28 15:32:52,764 - DEBUG - 读取数据连接方式
2018-03-28 15:32:52,765 - INFO - 信息认证成功
2018-03-28 15:32:52,765 - INFO - authentication认证完成，返回用户数据
2018-03-28 15:32:52,765 - INFO - 进入atm界面中
2018-03-28 15:35:12,074 - DEBUG - 读取数据连接方式
2018-03-28 15:35:12,074 - INFO - 信息认证成功
2018-03-28 15:35:12,074 - INFO - authentication认证完成，返回用户数据
2018-03-28 15:35:12,074 - INFO - 进入atm界面中
2018-03-28 15:40:58,588 - DEBUG - 读取数据连接方式
2018-03-28 15:40:58,588 - INFO - 信息认证成功
2018-03-28 15:40:58,588 - INFO - authentication认证完成，返回用户数据
2018-03-28 15:40:58,588 - INFO - 进入atm界面中
2018-03-28 15:57:38,482 - DEBUG - 读取数据连接方式
2018-03-28 15:57:38,483 - INFO - 信息认证成功
2018-03-28 15:57:38,483 - INFO - authentication认证完成，返回用户数据
2018-03-28 15:57:38,483 - INFO - 进入atm界面中
2018-03-28 16:06:22,939 - DEBUG - 读取数据连接方式
2018-03-28 16:06:22,939 - INFO - 信息认证成功
2018-03-28 16:06:22,940 - INFO - authentication认证完成，返回用户数据
2018-03-28 16:06:22,940 - INFO - 进入atm界面中
2018-03-28 16:06:24,501 - INFO - 现在进入提款操作
2018-03-28 16:06:26,395 - INFO - 交易成功,余额为14919.85
2018-03-28 16:06:29,981 - INFO - abc进入购物商场...
2018-03-28 16:24:43,231 - DEBUG - 读取数据连接方式
2018-03-28 16:24:43,232 - INFO - 信息认证成功
2018-03-28 16:24:43,232 - INFO - authentication认证完成，返回用户数据
2018-03-28 16:24:43,232 - INFO - 进入atm界面中
2018-03-28 16:24:44,657 - INFO - abc进入购物商场...
2018-03-28 16:28:48,599 - DEBUG - 读取数据连接方式
2018-03-28 16:28:48,600 - INFO - 信息认证成功
2018-03-28 16:28:48,600 - INFO - authentication认证完成，返回用户数据
2018-03-28 16:28:48,600 - INFO - 进入atm界面中
2018-03-28 16:28:50,525 - INFO - abc进入购物商场...
2018-03-28 16:36:09,848 - DEBUG - 读取数据连接方式
2018-03-28 16:36:09,849 - INFO - 信息认证成功
2018-03-28 16:36:09,849 - INFO - authentication认证完成，返回用户数据
2018-03-28 16:36:09,849 - INFO - 进入atm界面中
2018-03-28 16:36:12,100 - INFO - abc进入购物商场...
2018-03-28 16:37:15,448 - DEBUG - 读取数据连接方式
2018-03-28 16:37:15,448 - INFO - 信息认证成功
2018-03-28 16:37:15,448 - INFO - authentication认证完成，返回用户数据
2018-03-28 16:37:15,448 - INFO - 进入atm界面中
2018-03-28 16:37:16,977 - INFO - abc进入购物商场...
2018-03-28 16:37:46,353 - DEBUG - 读取数据连接方式
2018-03-28 16:37:46,353 - INFO - 用户不存在
2018-03-28 16:37:53,800 - DEBUG - 读取数据连接方式
2018-03-28 16:37:53,800 - INFO - 信息认证成功
2018-03-28 16:37:53,800 - INFO - authentication认证完成，返回用户数据
2018-03-28 16:37:53,801 - INFO - 进入atm界面中
2018-03-28 16:37:55,407 - INFO - abc进入购物商场...
2018-03-28 16:38:52,419 - DEBUG - 读取数据连接方式
2018-03-28 16:38:52,419 - INFO - 信息认证成功
2018-03-28 16:38:52,420 - INFO - authentication认证完成，返回用户数据
2018-03-28 16:38:52,420 - INFO - 进入atm界面中
2018-03-28 16:38:53,834 - INFO - abc进入购物商场...
2018-03-28 16:39:18,207 - DEBUG - 读取数据连接方式
2018-03-28 16:39:18,208 - INFO - 信息认证成功
2018-03-28 16:39:18,208 - INFO - authentication认证完成，返回用户数据
2018-03-28 16:39:18,208 - INFO - 进入atm界面中
2018-03-28 16:39:19,595 - INFO - abc进入购物商场...
2018-03-28 16:45:45,201 - DEBUG - 读取数据连接方式
2018-03-28 16:45:45,202 - INFO - 信息认证成功
2018-03-28 16:45:45,202 - INFO - authentication认证完成，返回用户数据
2018-03-28 16:45:45,202 - INFO - 进入atm界面中
2018-03-28 16:45:46,689 - INFO - abc进入购物商场...
2018-03-28 16:46:55,383 - DEBUG - 读取数据连接方式
2018-03-28 16:46:55,384 - INFO - 信息认证成功
2018-03-28 16:46:55,384 - INFO - authentication认证完成，返回用户数据
2018-03-28 16:46:55,384 - INFO - 进入atm界面中
2018-03-28 16:46:57,048 - INFO - abc进入购物商场...
2018-03-28 16:47:16,227 - DEBUG - 读取数据连接方式
2018-03-28 16:47:16,228 - INFO - 信息认证成功
2018-03-28 16:47:16,228 - INFO - authentication认证完成，返回用户数据
2018-03-28 16:47:16,228 - INFO - 进入atm界面中
2018-03-28 16:47:17,587 - INFO - abc进入购物商场...
2018-03-28 16:47:54,030 - DEBUG - 读取数据连接方式
2018-03-28 16:47:54,031 - INFO - 信息认证成功
2018-03-28 16:47:54,031 - INFO - authentication认证完成，返回用户数据
2018-03-28 16:47:54,031 - INFO - 进入atm界面中
2018-03-28 16:47:55,339 - INFO - abc进入购物商场...
2018-03-28 16:58:48,140 - DEBUG - 读取数据连接方式
2018-03-28 16:58:48,141 - INFO - 信息认证成功
2018-03-28 16:58:48,141 - INFO - authentication认证完成，返回用户数据
2018-03-28 16:58:48,141 - INFO - 进入atm界面中
2018-03-28 16:58:49,562 - INFO - abc进入购物商场...
2018-03-28 17:01:50,086 - DEBUG - 读取数据连接方式
2018-03-28 17:01:50,087 - INFO - 信息认证成功
2018-03-28 17:01:50,087 - INFO - authentication认证完成，返回用户数据
2018-03-28 17:01:50,087 - INFO - 进入atm界面中
2018-03-28 17:01:51,690 - INFO - abc进入购物商场...
2018-03-28 17:03:29,567 - DEBUG - 读取数据连接方式
2018-03-28 17:03:29,567 - INFO - 信息认证成功
2018-03-28 17:03:29,567 - INFO - authentication认证完成，返回用户数据
2018-03-28 17:03:29,567 - INFO - 进入atm界面中
2018-03-28 17:03:31,957 - INFO - abc进入购物商场...
2018-03-28 17:16:27,984 - DEBUG - 读取数据连接方式
2018-03-28 17:16:27,984 - INFO - 信息认证成功
2018-03-28 17:16:27,985 - INFO - authentication认证完成，返回用户数据
2018-03-28 17:16:27,985 - INFO - 进入atm界面中
2018-03-28 17:16:29,337 - INFO - abc进入购物商场...
2018-03-28 17:20:44,013 - DEBUG - 读取数据连接方式
2018-03-28 17:20:44,014 - INFO - 信息认证成功
2018-03-28 17:20:44,014 - INFO - authentication认证完成，返回用户数据
2018-03-28 17:20:44,015 - INFO - 进入atm界面中
2018-03-28 17:20:45,593 - INFO - abc进入购物商场...
2018-03-28 17:22:14,986 - DEBUG - 读取数据连接方式
2018-03-28 17:22:14,987 - INFO - 信息认证成功
2018-03-28 17:22:14,987 - INFO - authentication认证完成，返回用户数据
2018-03-28 17:22:14,987 - INFO - 进入atm界面中
2018-03-28 17:22:17,173 - INFO - abc进入购物商场...
2018-03-28 17:22:56,448 - DEBUG - 读取数据连接方式
2018-03-28 17:22:56,448 - INFO - 信息认证成功
2018-03-28 17:22:56,449 - INFO - authentication认证完成，返回用户数据
2018-03-28 17:22:56,449 - INFO - 进入atm界面中
2018-03-28 17:22:58,548 - INFO - abc进入购物商场...
2018-03-28 17:23:06,696 - INFO - 用户退出
2018-03-28 17:53:19,959 - DEBUG - 读取数据连接方式
2018-03-28 17:53:19,960 - INFO - 信息认证成功
2018-03-28 17:53:19,960 - INFO - authentication认证完成，返回用户数据
2018-03-28 17:53:19,960 - INFO - 进入atm界面中
2018-03-28 17:53:51,036 - DEBUG - 读取数据连接方式
2018-03-28 17:53:51,037 - INFO - 信息认证成功
2018-03-28 17:53:51,037 - INFO - authentication认证完成，返回用户数据
2018-03-28 17:53:51,037 - INFO - 进入atm界面中
2018-03-28 17:53:53,631 - INFO - abc进入购物商场...
2018-03-28 17:53:55,780 - INFO - 交易成功,余额为14619.85
2018-03-28 17:53:58,644 - INFO - 交易成功,余额为14519.85
2018-03-28 17:54:00,313 - INFO - abc退出购物车
2018-03-28 17:54:02,544 - INFO - 用户退出
2018-03-29 21:03:11,004 - DEBUG - 读取数据连接方式
2018-03-29 21:03:11,005 - INFO - 信息认证成功
2018-03-29 21:03:11,005 - WARNING - 用户未激活
2018-03-29 21:03:11,005 - INFO - 进入atm界面中
2018-03-29 21:05:03,818 - DEBUG - 读取数据连接方式
2018-03-29 21:05:03,819 - INFO - 信息认证成功
2018-03-29 21:05:03,819 - WARNING - 用户未激活
2018-03-29 21:05:03,819 - INFO - 进入atm界面中
2018-03-29 21:05:08,221 - WARNING - 交易号码不存在
2018-03-29 21:05:09,464 - WARNING - 交易号码不存在
2018-03-29 21:06:54,488 - DEBUG - 读取数据连接方式
2018-03-29 21:06:54,488 - INFO - 信息认证成功
2018-03-29 21:06:54,488 - WARNING - 用户未激活
2018-03-29 21:06:54,489 - INFO - 进入atm界面中
2018-03-29 21:07:00,216 - INFO - 用户退出
2018-03-29 21:09:08,745 - DEBUG - 读取数据连接方式
2018-03-29 21:09:08,745 - INFO - 信息认证成功
2018-03-29 21:09:08,746 - INFO - root认证完成，返回用户数据
2018-03-29 21:09:08,746 - INFO - 进入atm界面中
2018-03-29 21:09:14,673 - INFO - 用户退出
2018-03-29 21:10:10,613 - DEBUG - 读取数据连接方式
2018-03-29 21:10:10,614 - INFO - 信息认证成功
2018-03-29 21:10:10,614 - INFO - root认证完成，返回用户数据
2018-03-29 21:10:10,614 - INFO - 进入atm界面中
2018-03-29 21:10:14,253 - INFO - 用户退出
2018-03-29 21:28:18,037 - DEBUG - 读取数据连接方式
2018-03-29 21:28:18,038 - INFO - 信息认证成功
2018-03-29 21:28:18,038 - INFO - root认证完成，返回用户数据
2018-03-29 21:28:18,038 - INFO - 进入atm界面中
2018-03-29 21:28:20,740 - INFO - 进入管理员模式中...
2018-03-29 21:29:38,218 - DEBUG - 读取数据连接方式
2018-03-29 21:29:38,219 - INFO - 信息认证成功
2018-03-29 21:29:38,219 - INFO - root认证完成，返回用户数据
2018-03-29 21:29:38,219 - INFO - 进入atm界面中
2018-03-29 21:29:40,049 - INFO - 进入管理员模式中...
2018-03-29 21:29:41,220 - INFO - 进入添加账户功能
2018-03-29 21:53:54,378 - DEBUG - 读取数据连接方式
2018-03-29 21:53:54,378 - INFO - 信息认证成功
2018-03-29 21:53:54,379 - INFO - root认证完成，返回用户数据
2018-03-29 21:53:54,379 - INFO - 进入atm界面中
2018-03-29 21:53:57,817 - INFO - 进入管理员模式中...
2018-03-29 21:53:59,908 - INFO - 进入添加账户功能
2018-03-29 21:54:33,760 - DEBUG - 读取数据连接方式
2018-03-29 21:54:33,761 - INFO - 信息认证成功
2018-03-29 21:54:33,761 - INFO - root认证完成，返回用户数据
2018-03-29 21:54:33,761 - INFO - 进入atm界面中
2018-03-29 21:54:36,554 - INFO - 进入管理员模式中...
2018-03-29 21:54:38,287 - INFO - 进入添加账户功能
2018-03-29 22:00:58,998 - DEBUG - 读取数据连接方式
2018-03-29 22:00:59,005 - INFO - 信息认证成功
2018-03-29 22:00:59,005 - INFO - abc认证完成，返回用户数据
2018-03-29 22:00:59,005 - INFO - 进入atm界面中
2018-03-29 22:02:19,971 - DEBUG - 读取数据连接方式
2018-03-29 22:02:19,972 - INFO - 信息认证成功
2018-03-29 22:02:19,973 - INFO - abc认证完成，返回用户数据
2018-03-29 22:02:19,973 - INFO - 进入atm界面中
2018-03-29 22:02:49,434 - DEBUG - 读取数据连接方式
2018-03-29 22:02:49,434 - INFO - 用户不存在
2018-03-29 22:02:57,007 - DEBUG - 读取数据连接方式
2018-03-29 22:02:57,007 - INFO - 信息认证成功
2018-03-29 22:02:57,008 - INFO - abc认证完成，返回用户数据
2018-03-29 22:02:57,008 - INFO - 进入atm界面中
2018-03-29 22:04:39,328 - DEBUG - 读取数据连接方式
2018-03-29 22:04:39,329 - INFO - 信息认证成功
2018-03-29 22:04:39,329 - INFO - root认证完成，返回用户数据
2018-03-29 22:04:39,329 - INFO - 进入atm界面中
2018-03-29 22:04:41,277 - INFO - 进入管理员模式中...
2018-03-29 22:04:55,173 - INFO - 进入添加账户功能
2018-03-29 22:04:57,245 - INFO - 用户名qwe存在
2018-03-29 22:04:59,520 - WARNING - 号码不存在
2018-03-29 22:05:03,538 - INFO - 进入添加账户功能
2018-03-29 22:05:50,884 - DEBUG - 读取数据连接方式
2018-03-29 22:05:50,885 - INFO - 信息认证成功
2018-03-29 22:05:50,885 - INFO - root认证完成，返回用户数据
2018-03-29 22:05:50,886 - INFO - 进入atm界面中
2018-03-29 22:05:52,367 - INFO - 进入管理员模式中...
2018-03-29 22:05:55,202 - INFO - 进入添加账户功能
2018-03-29 22:12:24,383 - DEBUG - 读取数据连接方式
2018-03-29 22:12:24,383 - INFO - 信息认证成功
2018-03-29 22:12:24,383 - INFO - root认证完成，返回用户数据
2018-03-29 22:12:24,383 - INFO - 进入atm界面中
2018-03-29 22:12:27,976 - INFO - 进入管理员模式中...
2018-03-29 22:12:30,306 - INFO - 进入添加账户功能
2018-03-29 22:16:12,662 - DEBUG - 读取数据连接方式
2018-03-29 22:16:12,663 - INFO - 信息认证成功
2018-03-29 22:16:12,663 - INFO - root认证完成，返回用户数据
2018-03-29 22:16:12,663 - INFO - 进入atm界面中
2018-03-29 22:16:14,598 - INFO - 进入管理员模式中...
2018-03-29 22:16:15,827 - INFO - 进入添加账户功能
2018-03-29 22:16:21,809 - INFO - rty添加成功
2018-03-29 22:22:22,305 - DEBUG - 读取数据连接方式
2018-03-29 22:22:22,307 - INFO - 信息认证成功
2018-03-29 22:22:22,307 - INFO - abc认证完成，返回用户数据
2018-03-29 22:22:22,307 - INFO - 进入atm界面中
2018-03-29 22:22:23,733 - INFO - 进入管理员模式中...
2018-03-29 22:22:39,796 - DEBUG - 读取数据连接方式
2018-03-29 22:22:39,797 - INFO - 信息认证成功
2018-03-29 22:22:39,797 - INFO - abc认证完成，返回用户数据
2018-03-29 22:22:39,797 - INFO - 进入atm界面中
2018-03-29 22:22:41,113 - INFO - 进入管理员模式中...
2018-03-29 22:22:44,007 - WARNING - 交易号码不存在
2018-03-29 22:22:51,447 - INFO - 现在进入提款操作
2018-03-29 22:23:33,265 - DEBUG - 读取数据连接方式
2018-03-29 22:23:33,266 - INFO - 信息认证成功
2018-03-29 22:23:33,266 - INFO - root认证完成，返回用户数据
2018-03-29 22:23:33,266 - INFO - 进入atm界面中
2018-03-29 22:23:34,760 - INFO - 进入管理员模式中...
2018-03-29 22:23:35,988 - INFO - 进入添加账户功能
2018-03-29 22:23:41,753 - INFO - ttt添加成功
2018-03-29 22:24:11,099 - DEBUG - 读取数据连接方式
2018-03-29 22:24:11,100 - INFO - 信息认证成功
2018-03-29 22:24:11,100 - INFO - rty认证完成，返回用户数据
2018-03-29 22:24:11,100 - INFO - 进入atm界面中
2018-03-29 22:24:13,581 - INFO - 用户退出
2018-03-29 22:34:15,257 - DEBUG - 读取数据连接方式
2018-03-29 22:34:15,259 - INFO - 信息认证成功
2018-03-29 22:34:15,259 - INFO - root认证完成，返回用户数据
2018-03-29 22:34:15,260 - INFO - 进入atm界面中
2018-03-29 22:34:16,567 - INFO - 进入管理员模式中...
2018-03-29 22:34:38,038 - DEBUG - 读取数据连接方式
2018-03-29 22:34:38,038 - INFO - 信息认证成功
2018-03-29 22:34:38,039 - INFO - root认证完成，返回用户数据
2018-03-29 22:34:38,039 - INFO - 进入atm界面中
2018-03-29 22:34:38,915 - INFO - 进入管理员模式中...
2018-03-29 22:34:40,605 - INFO - 进入修改额度功能
2018-03-29 22:34:49,252 - INFO - qwe修改额度成功
2018-03-29 22:41:11,101 - DEBUG - 读取数据连接方式
2018-03-29 22:41:11,102 - INFO - 密码输入错误
2018-03-29 22:41:16,570 - DEBUG - 读取数据连接方式
2018-03-29 22:41:16,571 - INFO - 信息认证成功
2018-03-29 22:41:16,571 - INFO - root认证完成，返回用户数据
2018-03-29 22:41:16,571 - INFO - 进入atm界面中
2018-03-29 22:41:22,561 - INFO - 进入管理员模式中...
2018-03-29 22:41:37,730 - DEBUG - 读取数据连接方式
2018-03-29 22:41:37,731 - INFO - 信息认证成功
2018-03-29 22:41:37,731 - INFO - root认证完成，返回用户数据
2018-03-29 22:41:37,731 - INFO - 进入atm界面中
2018-03-29 22:41:38,926 - INFO - 进入管理员模式中...
2018-03-29 22:41:40,142 - INFO - 进入修改用户状态功能
2018-03-29 22:41:48,697 - WARNING - 输入激活码错误
2018-03-29 22:43:50,185 - DEBUG - 读取数据连接方式
2018-03-29 22:43:50,185 - INFO - 信息认证成功
2018-03-29 22:43:50,185 - INFO - root认证完成，返回用户数据
2018-03-29 22:43:50,186 - INFO - 进入atm界面中
2018-03-29 22:43:51,548 - INFO - 进入管理员模式中...
2018-03-29 22:43:52,935 - INFO - 进入修改用户状态功能
2018-03-29 22:43:56,905 - WARNING - 输入激活码错误
2018-03-29 22:44:39,572 - DEBUG - 读取数据连接方式
2018-03-29 22:44:39,572 - INFO - 信息认证成功
2018-03-29 22:44:39,573 - INFO - root认证完成，返回用户数据
2018-03-29 22:44:39,573 - INFO - 进入atm界面中
2018-03-29 22:44:40,843 - INFO - 进入管理员模式中...
2018-03-29 22:44:42,015 - INFO - 进入修改用户状态功能
2018-03-29 22:44:43,876 - WARNING - 0用户不存在
2018-03-29 22:50:32,118 - DEBUG - 读取数据连接方式
2018-03-29 22:50:32,118 - INFO - 信息认证成功
2018-03-29 22:50:32,118 - INFO - root认证完成，返回用户数据
2018-03-29 22:50:32,119 - INFO - 进入atm界面中
2018-03-29 22:50:33,615 - INFO - 进入管理员模式中...
2018-03-29 22:50:35,046 - INFO - 进入修改用户状态功能
2018-03-29 22:50:41,661 - WARNING - 输入状态码错误
2018-03-29 22:51:15,785 - INFO - 进入修改用户状态功能
2018-03-29 22:51:23,908 - WARNING - 输入状态码错误
2018-03-29 22:51:31,887 - DEBUG - 读取数据连接方式
2018-03-29 22:51:31,888 - INFO - 信息认证成功
2018-03-29 22:51:31,888 - INFO - root认证完成，返回用户数据
2018-03-29 22:51:31,888 - INFO - 进入atm界面中
2018-03-29 22:51:33,145 - INFO - 进入管理员模式中...
2018-03-29 22:51:34,246 - INFO - 进入修改用户状态功能
2018-03-29 22:51:42,781 - INFO - rty修改状态成功
2018-03-29 22:53:15,823 - DEBUG - 读取数据连接方式
2018-03-29 22:53:15,824 - INFO - 信息认证成功
2018-03-29 22:53:15,824 - INFO - root认证完成，返回用户数据
2018-03-29 22:53:15,824 - INFO - 进入atm界面中
2018-03-29 22:53:17,135 - INFO - 进入管理员模式中...
2018-03-29 22:53:18,253 - INFO - 进入修改用户状态功能
2018-03-29 22:53:27,223 - INFO - rty修改状态成功
